[   00000000  nntializing cgroup sbbyy  ppsst
[    0000000]]IIiitillzing cgruu  uusssscpu
[   00000000] Initializing cgroup subsys cpuactt

[    0.00000]]LLnnx eessoo  .4.0-45-geneic (builddllww11-3))((cc  eriinn55440022166699((bbntu 5.4.0-6ubuntu1~16.04.2) ) #66-Ubuntu SMP Wed Oct 19 14:12:37 UTC 2016 (Ubuntu 4.4.044..66ggnnri 44422))

[    0.000000] Commaddllnn::BBOTIIAAEE//oot/vmlinuz-4.4.0-45ggnnrrccrrot=LABLLccloudmm--ootts ro console=tty1 console=ttyS0
[   00000000  EENNLLsupported cpss
[    0.000000]   Intel GenuineIntel
[    0.000000]   AMD AuthenticAMD
[    0.000000]   Centaur CentaurHauls
[    0.000000] x86/fpu: xstate_offset[2]:  576, xstate_sizes[2]:  256
[    0.000000] x86/fpu: Supporting XSAVE feature 0x01: 'x87 floating point registers'
[    0.000000] x86/fpu: Supporting XSAVE feature 0x02: 'SSE registers'
[    0.000000] x86/fpu: Supporting XSAVE feature 0x04: 'AVX registers'
[    0.000000] x86/fpu: Enabled xstate features 0x7, context size is 832 bytes, using 'standard' format.
[    0.000000] x86/fpu: Using 'lazy' FPU context switches.
[    0.000000] e820: BIOS-provided phssccllRRMMmap:

[   00000000] BIOS-e22::[[ee 0x000000000000000-0000000000009fbff] usable
[    0.000000] BIOS-e820  mmmm0000000000009fc00-0x000000000009ffff] reserved
[    0.00000]]BBIOS-e220: [mem 0x00000000000f0000-0x00000000000fffff] reserved
[    0.000000] BIOS-e820: [mem 0x0000000000100000-0x000000001ffeffff] usable
[    0.000000] BIOS-e820: [mem 0x000000001fff0000-0x000000001fffffff] ACPI data
[    0.000000] BIOS-e820: [mem 0x00000000fffc0000-0x00000000ffffffff] reserved
[    0.000000] NX (Execute Disable) protection: active
[    0.000000] SMBIOS 2.5 present.
[    0.000000] Hypervisor detected: KVM
[    0.000000] e820: last_pfn = 0x1fff0 max_arch_pfn = 0x400000000
[    0.000000] MTRR: Disabled
[    0.000000] x86/PAT: MTRRs disabled, skipping PAT initialization too.
[    0.000000] x86/PAT: Configuration [0-7]: WB  WT  UC- UC  WB  WT  UC- UC  
[    0.000000] CPU MTRRs all blank - virtualized system.
[    0.000000] found SMP MP-table at [mem 0x0009fff0-0x0009ffff] mapped at [ffff88000009fff0]
[    0.000000] Scanning 1 areas for low memory corruption
[    0.000000] RAMDISK: [mem 0x1ef80000-0x1f76dfff]
[    0.000000] ACPI: Early table checksum verification disabled
[    0.000000] ACPI: RSDP 0x00000000000E0000 000024 (v02 VBOX  )
[    0.000000] ACPI: XSDT 0x000000001FFF0030 00003C (v01 VBOX   VBOXXSDT 00000001 ASL  00000061)
[    0.000000] ACPI: FACP 0x000000001FFF00F0 0000F4 (v04 VBOX   VBOXFACP 00000011AAL 00000066)
[   00000000] ACPI: SD  xx00000001FFF047  001188(v01 VBOX   VBOXBIOS 00000002 INTL 2010000))

[    0.000000] ACPI: FACS 0x00000001FFF0200 000040
[    0.000000] ACPI:FFCC  xx000000001FFF0200 000040
[    0.000000] ACPI: APIC 0x000000001FFF0240 000054 (v02 VBOX   VBOXAPIC 00000001 ASL  00000061)
[    0.000000] ACPI: SSDT 0x000000001FFF02A0 0001CC (v01 VBOX   VBOXCPUT 00000002 INTL 20160108)
[    0.000000] No NUMA configuration found
[    0.000000] Faking a node at [mem 0x0000000000000000-0x000000001ffeffff]
[    0.000000] NODE_DATA(0) allocated [mem 0x1ffeb000-0x1ffeffff]
[    0.000000] kvm-clock: Using msrs 4b564d01 and 4b564d00
[    0.000000] kvm-clock: cpu 0, msr 0:1ffe7001, primary cpu clock
[    0.000000] kvm-clock: using sched offset of 2919326403 cycles
[    0.000000] clocksource: kvm-clock: mask: 0xffffffffffffffff max_cycles: 0x1cd42e4dffb, max_idle_ns: 881590591483 ns
[    0.000000] Zone ranges:
[    0.000000]   DMA      [mem 0x0000000000001000-0x0000000000ffffff]
[    0.000000]   DMA32    [mem 0x0000000001000000-0x000000001ffeffff]
[    0.000000]   Normal   empty
[    0.000000]   Device   empty
[    0.000000] Movable zone start for each node
[    0.000000] Early memory node ranges
[    0.000000]   node   0: [mem 0x0000000000001000-0x000000000009efff]
[    0.000000]   node   0: [mem 0x0000000000100000-0x000000001ffeffff]
[    0.000000] Initmem setup node 0 [mem 0x0000000000001000-0x000000001ffeffff]
[    0.000000] ACPI: PM-Timer IO Port: 0x4008
[    0.000000] IOAPIC[0]: apic_id 1, version 17, address 0xfec00000, GSI 0-23
[    0.000000] ACPI: INT_SRC_OVR (bus 0 bus_irq 0 global_irq 2 dfl dfl)
[    0.000000] ACPI: INT_SRC_OVR (bus 0 bus_irq 9 global_irq 9 high level)
[    0.000000] Using ACPI (MADT) for SMP configuration information
[    0.000000] smpboot: Allowing 1 CPUs, 0 hotplug CPUs
[    0.000000] PM: Registered nosave memory: [mem 0x00000000-0x00000fff]
[    0.000000] PM: Registered nosave memory: [mem 0x0009f000-0x0009ffff]
[    0.000000] PM: Registered nosave memory: [mem 0x000a0000-0x000effff]
[    0.000000] PM: Registered nosave memory: [mem 0x000f0000-0x000fffff]
[    0.000000] e820: [mem 0x20000000-0xfffbffff] available for PCI devices
[    0.000000] Booting paravirtualized kernel on KVM
[    0.000000] clocksource: refined-jiffies: mask: 0xffffffff max_cycles: 0xffffffff, max_idle_ns: 7645519600211568 ns
[    0.000000] setup_percpu: NR_CPUS:256 nr_cpumask_bits:256 nr_cpu_ids:1 nr_node_ids:1
[    0.000000] PERCPU: Embedded 33 pages/cpu @ffff88001fc00000 s98008 r8192 d28968 u2097152
[    0.000000] PV qspinlock hash table entries: 256 (order: 0, 4096 bytes)
[    0.000000] Built 1 zonelists in Node order, mobility grouping on.  Total pages: 128889
[    0.000000] Policy zone: DMA32
[    0.000000] Kernel command line: BOOT_IMAGE=/boot/vmlinuz-4.4.0-45-generic root=LABEL=cloudimg-rootfs ro console=tty1 console=ttyS0
[    0.000000] PID hash table entries: 2048 (order: 2, 16384 bytes)
[    0.000000] Memory: 488568K/523832K available (8409K kernel code, 1283K rwdata, 3944K rodata, 1480K init, 1292K bss, 35264K reserved, 0K cma-reserved)
[    0.000000] SLUB: HWalign=64, Order=0-3, MinObjects=0, CPUs=1, Nodes=1
[    0.000000] Hierarchical RCU implementation.
[    0.000000] 	Build-time adjustment of leaf fanout to 64.
[    0.000000] 	RCU restricting CPUs from NR_CPUS=256 to nr_cpu_ids=1.
[    0.000000] RCU: Adjusting geometry for rcu_fanout_leaf=64, nr_cpu_ids=1
[    0.000000] NR_IRQS:16640 nr_irqs:256 16
[    0.000000] Console: colour VGA+ 80x25
[    0.000000] console [tty1] enabled
[    0.000000] console [ttyS0] enabled
[    0.000000] tsc: Detected 1396.766 MHz processor
[    4.664326] Calibrating delay loop (skipped) preset value.. 2793.53 BogoMIPS (lpj=5587064)
[    4.665888] pid_max: default: 32768 minimum: 301
[    4.666727] ACPI: Core revision 20150930
[    4.668460] ACPI: 2 ACPI AML tables successfully acquired and loaded
[    4.678701] Security Framework initialized
[    4.679493] Yama: becoming mindful.
[    4.680239] AppArmor: AppArmor initialized
[    4.681077] Dentry cache hash table entries: 65536 (order: 7, 524288 bytes)
[    4.682314] Inode-cache hash table entries: 32768 (order: 6, 262144 bytes)
[    4.683514] Mount-cache hash table entries: 1024 (order: 1, 8192 bytes)
[    4.684679] Mountpoint-cache hash table entries: 1024 (order: 1, 8192 bytes)
[    4.685976] Initializing cgroup subsys io
[    4.688279] Initializing cgroup subsys memory
[    4.689112] Initializing cgroup subsys devices
[    4.689929] Initializing cgroup subsys freezer
[    4.690722] Initializing cgroup subsys net_cls
[    4.691539] Initializing cgroup subsys perf_event
[    4.692456] Initializing cgroup subsys net_prio
[    4.693304] Initializing cgroup subsys hugetlb
[    4.694134] Initializing cgroup subsys pids
[    4.694998] CPU: Physical Processor ID: 0
[    4.696924] mce: CPU supports 0 MCE banks
[    4.697742] process: using mwait in idle threads
[    4.698624] Last level iTLB entries: 4KB 64, 2MB 8, 4MB 8
[    4.699600] Last level dTLB entries: 4KB 64, 2MB 0, 4MB 0, 1GB 4
[    4.719123] Freeing SMP alternatives memory: 32K (ffffffff820b4000 - ffffffff820bc000)
[    4.735952] ftrace: allocating 32007 entries in 126 pages
[    4.774616] smpboot: Max logical packages: 1
[    4.788321] smpboot: APIC(0) Converting physical 0 to logical package 0
[    4.790566] ..TIMER: vector=0x30 apic1=0 pin1=2 apic2=-1 pin2=-1
[    4.899361] smpboot: CPU0: Intel(R) Core(TM) M-5Y71 CPU @ 1.20GHz (family: 0x6, model: 0x3d, stepping: 0x4)
[    4.913968] Performance Events: unsupported p6 CPU model 61 no PMU driver, software events only.
[    4.917683] KVM setup paravirtual spinlock
[    4.935759] x86: Booted up 1 node, 1 CPUs
[    4.938218] smpboot: Total of 1 processors activated (2793.53 BogoMIPS)
[    4.939532] devtmpfs: initialized
[    4.949153] evm: security.selinux
[    4.954175] evm: security.SMACK64
[    4.954841] evm: security.SMACK64EXEC
[    4.955534] evm: security.SMACK64TRANSMUTE
[    4.956314] evm: security.SMACK64MMAP
[    4.957018] evm: security.ima
[    4.957663] evm: security.capability
[    4.958445] clocksource: jiffies: mask: 0xffffffff max_cycles: 0xffffffff, max_idle_ns: 7645041785100000 ns
[    4.960197] pinctrl core: initialized pinctrl subsystem
[    4.967760] RTC time: 16:22:03, date: 11/01/16
[    4.975111] NET: Registered protocol family 16
[    4.976095] cpuidle: using governor ladder
[    4.978212] cpuidle: using governor menu
[    4.978940] PCCT header not found.
[    4.979658] ACPI: bus type PCI registered
[    4.980442] acpiphp: ACPI Hot Plug PCI Controller Driver version: 0.5
[    4.981570] PCI: Using configuration type 1 for base access
[    4.983516] ACPI: Added _OSI(Module Device)
[    4.988290] ACPI: Added _OSI(Processor Device)
[    4.989080] ACPI: Added _OSI(3.0 _SCP Extensions)
[    4.989901] ACPI: Added _OSI(Processor Aggregator Device)
[    4.991264] ACPI: Executed 1 blocks of module-level executable AML code
[    4.994009] ACPI: Interpreter enabled
[    4.997629] ACPI Exception: AE_NOT_FOUND, While evaluating Sleep State [\_S1_] (20150930/hwxface-580)
[    4.999403] ACPI Exception: AE_NOT_FOUND, While evaluating Sleep State [\_S2_] (20150930/hwxface-580)
[    5.001142] ACPI Exception: AE_NOT_FOUND, While evaluating Sleep State [\_S3_] (20150930/hwxface-580)
[    5.002851] ACPI Exception: AE_NOT_FOUND, While evaluating Sleep State [\_S4_] (20150930/hwxface-580)
[    5.004596] ACPI: (supports S0 S5)
[    5.005269] ACPI: Using IOAPIC for interrupt routing
[    5.006262] PCI: Using host bridge windows from ACPI; if necessary, use "pci=nocrs" and report a bug
[    5.010590] ACPI: PCI Root Bridge [PCI0] (domain 0000 [bus 00-ff])
[    5.128045] acpi PNP0A03:00: _OSC: OS supports [ASPM ClockPM Segments MSI]
[    5.129108] acpi PNP0A03:00: _OSC failed (AE_NOT_FOUND); disabling ASPM
[    5.130137] acpi PNP0A03:00: fail to add MMCONFIG information, can't access extended PCI configuration space under this bridge.
[    5.132165] PCI host bridge to bus 0000:00
[    5.132912] pci_bus 0000:00: root bus resource [io  0x0000-0x0cf7 window]
[    5.133957] pci_bus 0000:00: root bus resource [io  0x0d00-0xffff window]
[    5.135004] pci_bus 0000:00: root bus resource [mem 0x000a0000-0x000bffff window]
[    5.136366] pci_bus 0000:00: root bus resource [mem 0x20000000-0xffdfffff window]
[    5.137702] pci_bus 0000:00: root bus resource [bus 00-ff]
[    5.139851] pci 0000:00:01.1: legacy IDE quirk: reg 0x10: [io  0x01f0-0x01f7]
[    5.140938] pci 0000:00:01.1: legacy IDE quirk: reg 0x14: [io  0x03f6]
[    5.141955] pci 0000:00:01.1: legacy IDE quirk: reg 0x18: [io  0x0170-0x0177]
[    5.143038] pci 0000:00:01.1: legacy IDE quirk: reg 0x1c: [io  0x0376]
[    5.156036] ACPI: PCI Interrupt Link [LNKA] (IRQs 5 9 10 11) *0, disabled.
[    5.318042] ACPI: PCI Interrupt Link [LNKB] (IRQs 5 9 10 *11)
[    5.521569] ACPI: PCI Interrupt Link [LNKC] (IRQs 5 9 *10 11)
[    5.628593] ACPI: PCI Interrupt Link [LNKD] (IRQs 5 *9 10 11)
[    5.650930] ACPI: Enabled 2 GPEs in block 00 to 07
[    5.652233] vgaarb: setting as boot device: PCI:0000:00:02.0
[    5.653216] vgaarb: device added: PCI:0000:00:02.0,decodes=io+mem,owns=io+mem,locks=none
[    5.668299] vgaarb: loaded
[    5.668897] vgaarb: bridge control possible 0000:00:02.0
[    5.670015] SCSI subsystem initialized
[    5.670791] ACPI: bus type USB registered
[    5.671560] usbcore: registered new interface driver usbfs
[    5.915051] usbcore: registered new interface driver hub
[    6.207897] usbcore: registered new device driver usb
[    6.488066] PCI: Using ACPI for IRQ routing
[    6.675725] NetLabel: Initializing
[    6.708086] NetLabel:  domain hash size = 128
[    6.708854] NetLabel:  protocols = UNLABELED CIPSOv4
[    6.709706] NetLabel:  unlabeled traffic allowed by default
[    6.710719] amd_nb: Cannot enumerate AMD northbridges
[    6.711579] clocksource: Switched to clocksource kvm-clock
[    6.723680] AppArmor: AppArmor Filesystem Enabled
[    6.748392] pnp: PnP ACPI init
[    6.749606] pnp: PnP ACPI: found 3 devices
[    6.760020] clocksource: acpi_pm: mask: 0xffffff max_cycles: 0xffffff, max_idle_ns: 2085701024 ns
[    6.778245] NET: Registered protocol family 2
[    6.779165] TCP established hash table entries: 4096 (order: 3, 32768 bytes)
[    6.780378] TCP bind hash table entries: 4096 (order: 4, 65536 bytes)
[    6.781491] TCP: Hash tables configured (established 4096 bind 4096)
[    6.782551] UDP hash table entries: 256 (order: 1, 8192 bytes)
[    6.783558] UDP-Lite hash table entries: 256 (order: 1, 8192 bytes)
[    6.784689] NET: Registered protocol family 1
[    6.785517] pci 0000:00:00.0: Limiting direct PCI/PCI transfers
[    6.786525] pci 0000:00:01.0: Activating ISA DMA hang workarounds
[    6.787682] Trying to unpack rootfs image as initramfs...
[    8.075714] Freeing initrd memory: 8120K (ffff88001ef80000 - ffff88001f76e000)
[    8.118919] RAPL PMU detected, API unit is 2^-32 Joules, 4 fixed counters 10737418240 ms ovfl timer
[    8.121724] hw unit of domain pp0-core 2^-0 Joules
[    8.122613] hw unit of domain package 2^-0 Joules
[    8.123464] hw unit of domain dram 2^-0 Joules
[    8.124351] hw unit of domain pp1-gpu 2^-0 Joules
[    8.125271] platform rtc_cmos: registered platform RTC device (no PNP device found)
[    8.126781] Scanning for low memory corruption every 60 seconds
[    8.128089] futex hash table entries: 256 (order: 2, 16384 bytes)
[    8.138514] audit: initializing netlink subsys (disabled)
[    8.139508] audit: type=2000 audit(1478017325.234:1): initialized
[    8.140801] Initialise system trusted keyring
[    8.146947] HugeTLB registered 2 MB page size, pre-allocated 0 pages
[    8.149180] zbud: loaded
[    8.154510] VFS: Disk quotas dquot_6.6.0
[    8.155310] VFS: Dquot-cache hash table entries: 512 (order 0, 4096 bytes)
[    8.156656] squashfs: version 4.0 (2009/01/31) Phillip Lougher
[    8.157872] fuse init (API version 7.23)
[    8.158729] Key type big_key registered
[    8.159492] Allocating IMA MOK and blacklist keyrings.
[    8.160588] Key type asymmetric registered
[    8.161360] Asymmetric key parser 'x509' registered
[    8.162252] Block layer SCSI generic (bsg) driver version 0.4 loaded (major 249)
[    8.163648] io scheduler noop registered
[    8.168266] io scheduler deadline registered (default)
[    8.169205] io scheduler cfq registered
[    8.169996] pci_hotplug: PCI Hot Plug PCI Core version: 0.5
[    8.170962] pciehp: PCI Express Hot Plug Controller Driver version: 0.4
[    8.172149] ACPI: AC Adapter [AC] (off-line)
[    8.178288] input: Power Button as /devices/LNXSYSTM:00/LNXPWRBN:00/input/input0
[    8.182120] ACPI: Power Button [PWRF]
[    8.182888] input: Sleep Button as /devices/LNXSYSTM:00/LNXSLPBN:00/input/input1
[    8.184315] ACPI: Sleep Button [SLPF]
[    8.188697] ACPI: Battery Slot [BAT0] (battery present)
[    8.195150] GHES: HEST is not enabled!
[    8.195955] Serial: 8250/16550 driver, 32 ports, IRQ sharing enabled
[    8.509300] 00:02: ttyS0 at I/O 0x3f8 (irq = 4, base_baud = 115200) is a 16550A
[    8.829458] Linux agpgart interface v0.103
[    8.839893] brd: module loaded
[    8.848828] loop: module loaded
[    8.855173] scsi host0: ata_piix
[    8.858151] scsi host1: ata_piix
[    8.858842] ata1: PATA max UDMA/33 cmd 0x1f0 ctl 0x3f6 bmdma 0xd000 irq 14
[    8.859958] ata2: PATA max UDMA/33 cmd 0x170 ctl 0x376 bmdma 0xd008 irq 15
[    8.861494] libphy: Fixed MDIO Bus: probed
[    8.862252] tun: Universal TUN/TAP device driver, 1.6
[    8.863118] tun: (C) 1999-2004 Max Krasnyansky <maxk@qualcomm.com>
[    8.864215] PPP generic driver version 2.4.2
[    8.868267] ehci_hcd: USB 2.0 'Enhanced' Host Controller (EHCI) Driver
[    8.869324] ehci-pci: EHCI PCI platform driver
[    8.870126] ehci-platform: EHCI generic platform driver
[    8.871024] ohci_hcd: USB 1.1 'Open' Host Controller (OHCI) Driver
[    8.872082] ohci-pci: OHCI PCI platform driver
[    8.872883] ohci-platform: OHCI generic platform driver
[    8.873778] uhci_hcd: USB Universal Host Controller Interface driver
[    8.874848] i8042: PNP: PS/2 Controller [PNP0303:PS2K,PNP0f03:PS2M] at 0x60,0x64 irq 1,12
[    8.876809] serio: i8042 KBD port at 0x60,0x64 irq 1
[    8.887901] serio: i8042 AUX port at 0x60,0x64 irq 12
[    8.895990] mousedev: PS/2 mouse device common for all mice
[    8.898612] input: AT Translated Set 2 keyboard as /devices/platform/i8042/serio0/input/input2
[    8.919195] rtc_cmos rtc_cmos: rtc core: registered rtc_cmos as rtc0
[    8.938422] rtc_cmos rtc_cmos: alarms up to one day, 114 bytes nvram
[    8.939480] i2c /dev entries driver
[    8.940264] device-mapper: uevent: version 1.0.3
[    8.941166] device-mapper: ioctl: 4.34.0-ioctl (2015-10-28) initialised: dm-devel@redhat.com
[    8.958238] ledtrig-cpu: registered to indicate activity on CPUs
[    8.959487] NET: Registered protocol family 10
[    8.960486] NET: Registered protocol family 17
[    8.967236] Key type dns_resolver registered
[    8.968237] microcode: CPU0 sig=0x306d4, pf=0x40, revision=0x0
[    8.969231] microcode: Microcode Update Driver: v2.01 <tigran@aivazian.fsnet.co.uk>, Peter Oruba
[    8.970849] registered taskstats version 1
[    8.971610] Loading compiled-in X.509 certificates
[    8.973119] Loaded X.509 cert 'Build time autogenerated kernel key: 5295ae568fdd4deae5e4e5c175542790e6aaeab9'
[    8.974868] zswap: loaded using pool lzo/zbud
[    8.976877] Key type trusted registered
[    8.984748] Key type encrypted registered
[    8.998207] AppArmor: AppArmor sha1 policy hashing enabled
[    8.999251] ima: No TPM chip found, activating TPM-bypass!
[    9.008083] evm: HMAC attrs: 0x1
[    9.015593]   Magic number: 8:624:387
[    9.018307] rtc_cmos rtc_cmos: setting system clock to 2016-11-01 16:22:07 UTC (1478017327)
[    9.019906] BIOS EDD facility v0.16 2004-Jun-25, 0 devices found
[    9.024708] EDD information not available.
[    9.026578] Freeing unused kernel memory: 1480K (ffffffff81f42000 - ffffffff820b4000)
[    9.029847] Write protecting the kernel read-only data: 14336k
[    9.031252] Freeing unused kernel memory: 1820K (ffff880001839000 - ffff880001a00000)
[    9.033079] Freeing unused kernel memory: 152K (ffff880001dda000 - ffff880001e00000)
Loading, please [    9.043311] random: udevadm: uninitialized urandom read (16 bytes read, 3 bits of entropy available)
wait...
starting version 229
[    9.075375] random: systemd-udevd: uninitialized urandom read (16 bytes read, 3 bits of entropy available)
[    9.077101] random: systemd-udevd: uninitialized urandom read (16 bytes read, 3 bits of entropy available)
[    9.078711] random: systemd-udevd: uninitialized urandom read (16 bytes read, 3 bits of entropy available)
[    9.080329] random: systemd-udevd: uninitialized urandom read (16 bytes read, 3 bits of entropy available)
[    9.082697] random: udevadm: uninitialized urandom read (16 bytes read, 3 bits of entropy available)
[    9.084324] random: udevadm: uninitialized urandom read (16 bytes read, 3 bits of entropy available)
[    9.085954] random: udevadm: uninitialized urandom read (16 bytes read, 3 bits of entropy available)
[    9.087555] random: udevadm: uninitialized urandom read (16 bytes read, 3 bits of entropy available)
[    9.089175] random: udevadm: uninitialized urandom read (16 bytes read, 3 bits of entropy available)
[    9.127346] e1000: Intel(R) PRO/1000 Network Driver - version 7.3.21-k8-NAPI
[    9.597911] e1000: Copyright (c) 1999-2006 Intel Corporation.
[    9.808071] tsc: Refined TSC clocksource calibration: 1396.277 MHz
[    9.809052] clocksource: tsc: mask: 0xffffffffffffffff max_cycles: 0x1420635babb, max_idle_ns: 440795253371 ns
[    9.817156] Fusion MPT base driver 3.04.20
[    9.817946] Copyright (c) 1999-2008 LSI Corporation
[    9.824631] Fusion MPT SPI Host driver 3.04.20
[    9.922730] AVX version of gcm_enc/dec engaged.
[    9.938292] AES CTR mode by8 optimization enabled
[    9.989837] mptbase: ioc0: Initiating bringup
[   10.072231] ioc0: LSI53C1030 A0: Capabilities={Initiator}
[   10.101546] input: ImExPS/2 Generic Explorer Mouse as /devices/platform/i8042/serio1/input/input4
[   10.249952] scsi host2: ioc0: LSI53C1030 A0, FwRev=00000000h, Ports=1, MaxQ=256, IRQ=20
[   10.381277] scsi 2:0:0:0: Direct-Access     VBOX     HARDDISK         1.0  PQ: 0 ANSI: 5
[   10.398785] scsi target2:0:0: Beginning Domain Validation
[   10.400772] scsi target2:0:0: Domain Validation skipping write tests
[   10.407614] scsi target2:0:0: Ending Domain Validation
[   10.416671] scsi target2:0:0: asynchronous
[   10.457616] scsi 2:0:1:0: Direct-Access     VBOX     HARDDISK         1.0  PQ: 0 ANSI: 5
[   10.470662] scsi target2:0:1: Beginning Domain Validation
[   10.526214] scsi target2:0:1: Domain Validation skipping write tests
[   10.528490] scsi target2:0:1: Ending Domain Validation
[   10.529585] scsi target2:0:1: asynchronous
[   10.670620] sd 2:0:0:0: Attached scsi generic sg0 type 0
[   10.688459] sd 2:0:0:0: [sda] 20971520 512-byte logical blocks: (10.7 GB/10.0 GiB)
[   10.690051] sd 2:0:0:0: [sda] Write Protect is off
[   10.691313] sd 2:0:0:0: [sda] Incomplete mode parameter data
[   10.698419] sd 2:0:0:0: [sda] Assuming drive cache: write through
[   10.720240]  sda: sda1
[   10.727825] sd 2:0:1:0: [sdb] 20480 512-byte logical blocks: (10.5 MB/10.0 MiB)
[   10.738803] sd 2:0:1:0: Attached scsi generic sg1 type 0
[   10.744570] sd 2:0:0:0: [sda] Attached SCSI disk
[   10.774341] sd 2:0:1:0: [sdb] Write Protect is off
[   10.781956] sd 2:0:1:0: [sdb] Incomplete mode parameter data
[   10.786078] sd 2:0:1:0: [sdb] Assuming drive cache: write through
[   10.791385] sd 2:0:1:0: [sdb] Attached SCSI disk
[   10.820088] e1000 0000:00:03.0 eth0: (PCI:33MHz:32-bit) 02:e3:e0:58:a3:49
[   10.838668] e1000 0000:00:03.0 eth0: Intel(R) PRO/1000 Network Connection
[   10.841142] e1000 0000:00:03.0 enp0s3: renamed from eth0
[   12.943837] floppy0: no floppy controllers found
Begin: Loading e[   14.598228] md: linear personality registered for level -1
ssential drivers[   15.060277] md: multipath personality registered for level -4
 ... [   15.190985] md: raid0 personality registered for level 0
[   15.281090] md: raid1 personality registered for level 1
[   15.677357] raid6: sse2x1   gen() 10108 MB/s
[   16.007347] raid6: sse2x1   xor()  7442 MB/s
[   16.377345] raid6: sse2x2   gen() 12322 MB/s
[   16.727334] raid6: sse2x2   xor()  8263 MB/s
[   17.073635] raid6: sse2x4   gen() 13497 MB/s
[   17.167291] raid6: sse2x4   xor()  8710 MB/s
[   17.307826] raid6: using algorithm sse2x4 gen() 13497 MB/s
[   17.337762] raid6: .... xor() 8710 MB/s, rmw enabled
[   17.557842] raid6: using ssse3x2 recovery algorithm
[   17.860644] xor: automatically using best checksumming function:
[   18.347290]    avx       : 45648.000 MB/sec
[   18.449151] async_tx: api initialized (async)
[   18.607752] md: raid6 personality registered for level 6
[   18.907716] md: raid5 personality registered for level 5
[   19.037993] md: raid4 personality registered for level 4
[   19.045075] md: raid10 personality registered for level 10
done.
Begin: Running /scripts/init-premount ... done.
Begin: Mountin[   19.104540] Btrfs loaded
g root file system ... Begin: Running /scripts/local-top ... done.
Begin: Running /scripts/local-premount ... Scanning for Btrfs filesystems
done.
Warning: fsck [   19.147370] EXT4-fs (sda1): mounted filesystem with ordered data mode. Opts: (null)
not present, so skipping root file system
done.
Begin: Running /scripts/local-bottom ... done.
Begin: Running /scripts/init-bottom ... Warning: overlayroot: debug is busted
done.
[   19.573198] systemd[1]: systemd 229 running in system mode. (+PAM +AUDIT +SELINUX +IMA +APPARMOR +SMACK +SYSVINIT +UTMP +LIBCRYPTSETUP +GCRYPT +GNUTLS +ACL +XZ -LZ4 +SECCOMP +BLKID +ELFUTILS +KMOD -IDN)
[   19.729857] systemd[1]: Detected virtualization oracle.
[   19.730735] systemd[1]: Detected architecture x86-64.

Welcome to [1mUbuntu 16.04.1 LTS[0m!

[   19.748693] systemd[1]: Set hostname to <ubuntu-xenial>.
[   19.882053] systemd[1]: Listening on udev Kernel Socket.
[[0;32m  OK  [0m] Listening on udev Kernel Socket.
[   19.939442] systemd[1]: Created slice System Slice.
[[0;32m  OK  [0m] Created slice System Slice.
[   19.963979] systemd[1]: Started Forward Password Requests to Wall Directory Watch.
[[0;32m  OK  [0m] Started Forward Password Requests to Wall Directory Watch.
[   19.979840] systemd[1]: Listening on Syslog Socket.
[[0;32m  OK  [0m] Listening on Syslog Socket.
[   19.985021] systemd[1]: Listening on Journal Socket (/dev/log).
[[0;32m  OK  [0m] Listening on Journal Socket (/dev/log).
[   19.988825] systemd[1]: Listening on udev Control Socket.
[[0;32m  OK  [0m] Listening on udev Control Socket.
[   20.008343] systemd[1]: Created slice system-serial\x2dgetty.slice.
[[0;32m  OK  [0m] Created slice system-serial\x2dgetty.slice.
[   20.019353] systemd[1]: Listening on Journal Audit Socket.
[[0;32m  OK  [0m] Listening on Journal Audit Socket.
[   20.021313] systemd[1]: Listening on Journal Socket.
[[0;32m  OK  [0m] Listening on Journal Socket.
[   20.029545] systemd[1]: Starting Remount Root and Kernel File Systems...
         Starting Remount Root and Kernel File Systems...
[   20.033225] systemd[1]: Mounting POSIX Message Queue File System...
         Mounting POSIX Message Queue File System...
[   20.038916] systemd[1]: Starting Journal Service...
         [   20.080776] EXT4-fs (sda1): re-mounted. Opts: (null)
Starting Journal Service...
[   20.179018] systemd[1]: Starting Create list of required static device nodes for the current kernel...
         Starting Create list of required st... nodes for the current kernel...
[   20.217598] systemd[1]: Reached target Swap.
[   20.218625] random: nonblocking pool is initialized
[[0;32m  OK  [0m] Reached target Swap.
[   20.220891] systemd[1]: Starting Set console keymap...
         Starting Set console keymap...
[   20.224475] systemd[1]: Starting Load Kernel Modules...
[   20.247348] Loading iSCSI transport class v2.0-870.
         Starting Load Kernel Modules...
[   20.299067] systemd[1]: Created slice User and Session Slice.
[[0;32m  OK  [0m] Created slice User and Session Slice.
[   20.301842] systemd[1]: Listening on Device-mapper event daemon FIFOs.
[[0;32m  OK  [0m] Listening on Device-mapper event daemon FIFOs.
[   20.318262] systemd[1]: Mounting Huge Pages File System...
         Mounting Huge Pages File System...
[   20.324462] systemd[1]: Mounting Debug File System...
         Mounting Debug F[   20.345699] iscsi: registered transport (tcp)
ile System...
[   20.378273] systemd[1]: Reached target Slices.
[[0;32m  OK  [0m] Reached target Slices.
[   20.380565] systemd[1]: Starting Nameserver information manager...
         Starting Nameserver information manager...
[   20.382957] systemd[1]: Starting Uncomplicated firewall...
         Starting Uncomplicated firewall...
[   20.393713] systemd[1]: Listening on LVM2 metadata daemon socket.
[[0;32m  OK  [0m] Listening on LVM2 metadata daemon socket.
[   20.402872] systemd[1]: Starting Monitoring of LVM2 mirrors, snapshots etc. using dmeventd or progress polling...
         Starting Monitor[   20.422839] iscsi: registered transport (iser)
ing of LVM2 mirrors... dmeventd or progress polling...
[   20.499942] systemd[1]: Reached target User and Group Name Lookups.
[[0;32m  OK  [0m] Reached target User and Group Name Lookups.
[   20.502202] systemd[1]: Set up automount Arbitrary Executable File Formats File System Automount Point.
[[0;32m  OK  [0m] Set up automount Arbitrary Executab...ats File System Automount Point.
[   20.511105] systemd[1]: Listening on LVM2 poll daemon socket.
[[0;32m  OK  [0m] Listening on LVM2 poll daemon socket.
[   20.519338] systemd[1]: Reached target Encrypted Volumes.
[[0;32m  OK  [0m] Reached target Encrypted Volumes.
[   20.521614] systemd[1]: Listening on /dev/initctl Compatibility Named Pipe.
[[0;32m  OK  [0m] Listening on /dev/initctl Compatibility Named Pipe.
[   20.530866] systemd[1]: Mounted POSIX Message Queue File System.
[[0;32m  OK  [0m] Mounted POSIX Message Queue File System.
[   20.534635] systemd[1]: Mounted Huge Pages File System.
[[0;32m  OK  [0m] Mounted Huge Pages File System.
[   20.540498] systemd[1]: Mounted Debug File System.
[[0;32m  OK  [0m] Mounted Debug File System.
[   20.568032] systemd[1]: Started Journal Service.
[[0;32m  OK  [0m] Started Journal Service.
[[0;32m  OK  [0m] Started Remount Root and Kernel File Systems.
[[0;32m  OK  [0m] Started Create list of required sta...ce nodes for the current kernel.
[[0;32m  OK  [0m] Started Set console keymap.
[[0;32m  OK  [0m] Started Load Kernel Modules.
[[0;32m  OK  [0m] Started Uncomplicated firewall.
[[0;32m  OK  [0m] Started Nameserver information manager.
[[0;32m  OK  [0m] Started LVM2 metadata daemon.
         Starting Apply Kernel Variables...
         Mounting FUSE Control File System...
         Starting Create Static Device Nodes in /dev...
         Starting Load/Save Random Seed...
         Starting udev Coldplug all Devices...
         Starting Flush Journal to Persistent Storage...
[[0;32m  OK  [0m] Mounted FUSE Control File System.
[[0;32m  OK  [0m] Started Apply Kernel Variables.
[[0;32m  OK  [0m] Started Create Static Device Nodes in /dev.
[[0;32m  OK  [0m] Started Load/Save Random Seed.
[[0;32m  OK  [0m] Started udev Coldplug all Devices.
[[0;32m  OK  [0m] Started Flush Journal to Persistent Storage.
         Starting udev Kernel Device Manager...
[[0;32m  OK  [0m] Started udev Kernel Device Manager.
[[0;32m  OK  [0m] Started Dispatch Password Requests to Console Directory Watch.
[[0;32m  OK  [0m] Started Monitoring of LVM2 mirrors,...ng dmeventd or progress polling.
[[0;32m  OK  [0m] Found device /dev/ttyS0.
[[0;32m  OK  [0m] Reached target Local File Systems (Pre).
[[0;32m  OK  [0m] Reached target Local File Systems.
         Starting Create Volatile Files and Directories...
         Starting Tell Plymouth To Write Out Runtime Data...
         Starting Initial cloud-init job (pre-networking)...
         Starting Run snappy firstboot setup...
         Starting LSB: AppArmor initialization...
         Starting Set console font and keymap...
[[0;32m  OK  [0m] Started Create Volatile Files and Directories.
[[0;32m  OK  [0m] Started Tell Plymouth To Write Out Runtime Data.
[[0;32m  OK  [0m] Started Run snappy firstboot setup.
[[0;32m  OK  [0m] Listening on Load/Save RF Kill Switch Status /dev/rfkill Watch.
         Starting Update UTMP about System Boot/Shutdown...
[[0;32m  OK  [0m] Reached target System Time Synchronized.
[[0;32m  OK  [0m] Started LSB: AppArmor initialization.
[[0;32m  OK  [0m] Started Initial cloud-init job (pre-networking).
[   16.045815] cloud-init[606]: Cloud-init v. 0.7.8 running 'init-local' at Tue, 01 Nov 2016 16:22:20 +0000. Up 15.56 seconds.
[[0;32m  OK  [0m] Started Update UTMP about System Boot/Shutdown.
[[0;32m  OK  [0m] Started Set console font and keymap.
[[0;32m  OK  [0m] Created slice system-getty.slice.
[[0;32m  OK  [0m] Reached target Network (Pre).
[[0;32m  OK  [0m] Started ifup for enp0s3.
         Starting Raise network interfaces...
[[0;32m  OK  [0m] Reached target System Initialization.
[[0;32m  OK  [0m] Listening on UUID daemon activation socket.
[[0;32m  OK  [0m] Started Daily Cleanup of Temporary Directories.
[[0;32m  OK  [0m] Started Daily apt activities.
[[0;32m  OK  [0m] Started Timer to automatically refresh installed snaps.
[[0;32m  OK  [0m] Reached target Timers.
         Starting Socket activation for snappy daemon.
[[0;32m  OK  [0m] Listening on ACPID Listen Socket.
         Starting LXD - unix socket.
[[0;32m  OK  [0m] Listening on D-Bus System Message Bus Socket.
[[0;32m  OK  [0m] Started ACPI Events Check.
[[0;32m  OK  [0m] Started Trigger resolvconf update for networkd DNS.
[[0;32m  OK  [0m] Reached target Paths.
[[0;32m  OK  [0m] Listening on Socket activation for snappy daemon.
[[0;32m  OK  [0m] Listening on LXD - unix socket.
[[0;32m  OK  [0m] Reached target Sockets.
[[0;32m  OK  [0m] Reached target Basic System.
         Starting LSB: MD monitoring daemon...
         Starting LXD - container startup/shutdown...
[[0;32m  OK  [0m] Started D-Bus System Message Bus.
[[0;32m  OK  [0m] Started Snappy daemon.
[[0;32m  OK  [0m] Started FUSE filesystem for LXC.
[[0;32m  OK  [0m] Started Deferred execution scheduler.
[[0;32m  OK  [0m] Started Regular background program processing daemon.
[[0;32m  OK  [0m] Started ACPI event daemon.
         Starting LSB: Record successful boot for GRUB...
         Starting Login Service...
         Starting System Logging Service...
         Starting Accounts Service...
[[0;32m  OK  [0m] Started System Logging Service.
[[0;32m  OK  [0m] Started LXD - container startup/shutdown.
[[0;32m  OK  [0m] Started LSB: MD monitoring daemon.
[[0;32m  OK  [0m] Started LSB: Record successful boot for GRUB.
[[0;32m  OK  [0m] Started Login Service.
         Starting Authenticate and Authorize Users to Run Privileged Tasks...
[[0;32m  OK  [0m] Started Authenticate and Authorize Users to Run Privileged Tasks.
[[0;32m  OK  [0m] Started Accounts Service.
[[0;32m  OK  [0m] Started Raise network interfaces.
[[0;32m  OK  [0m] Reached target Network.
         Starting Initial cloud-init job (metadata service crawler)...
[   18.458015] cloud-init[1060]: Cloud-init v. 0.7.8 running 'init' at Tue, 01 Nov 2016 16:22:23 +0000. Up 18.20 seconds.
[[0;32m  OK  [0m] Started Initial cloud-init job (metadata service crawler).
[   18.530674] cloud-init[1060]: ci-info: +++++++++++++++++++++++++++++++++++++Net device info++++++++++++++++++++++++++++++++++++++
[   18.533454] cloud-init[1060]: ci-info: +--------+------+----------------------------+---------------+-------+-------------------+
[   18.538141] cloud-init[1060]: ci-info: | Device |  Up  |          Address           |      Mask     | Scope |     Hw-Address    |
[   18.542049] cloud-init[1060]: ci-info: +--------+------+----------------------------+---------------+-------+-------------------+
[   18.584380] cloud-init[1060]: ci-info: | enp0s3 | True |         10.0.2.15          | 255.255.255.0 |   .   | 02:e3:e0:58:a3:49 |
[[0;32m  OK  [0m] Reached target Network is Online.
[   18.682971] cloud-init[1060]: ci-info: | enp0s3 | True | fe80::e3:e0ff:fe58:a349/64 |       .       |  link | 02:e3:e0:58:a3:49 |
         Starting /etc/rc.local Compatibility...
         Starting iSCSI initiator daemon (iscsid)...
[[0;32m  OK  [0m] Reached target Cloud-config availability.
[   18.813241] cloud-init[1060]: ci-info: |   lo   | True |         127.0.0.1          |   255.0.0.0   |   .   |         .         |
         Starting Apply the settings specified in cloud-config...
[   19.251580]          Starting OpenBSD Secure Shell server...
[[0;32m  OK  [0m] Started /etc/rc.local Compatibility.
cloud-init[1060]: ci-info: |   lo   | True |          ::1/128           |       .       |  host |         .         |
[   19.336688] cloud-init[1060]: ci-info: +--------+------+----------------------------+---------------+-------+-------------------+
[[0;32m  OK  [0m] Started iSCSI initiator daemon (iscsid).
[[0;32m  OK  [0m[   19.340417] cloud-init[1060]: ci-info: +++++++++++++++++++++++++++Route IPv4 info++++++++++++++++++++++++++++
[   19.340491] cloud-init[1060]: ci-info: +-------+-------------+----------+---------------+-----------+-------+
[   19.340561] cloud-init[1060]: ci-info: | Route | Destination | Gateway  |    Genmask    | Interface | Flags |
[   19.340624] cloud-init[1060]: ci-info: +-------+-------------+----------+---------------+-----------+-------+
[   19.340686] cloud-init[1060]: ci-info: |   0   |   0.0.0.0   | 10.0.2.2 |    0.0.0.0    |   enp0s3  |   UG  |
[   19.340749] cloud-init[1060]: ci-info: |   1   |   10.0.2.0  | 0.0.0.0  | 255.255.255.0 |   enp0s3  |   U   |
[   19.340810] cloud-init[1060]: ci-info: +-------+-------------+----------+---------------+-----------+-------+
] Started Apply the settings specified in cloud-config.
[[0;32m  OK  [0m] Started OpenBSD Secure Shell server.
[   19.342300] cloud-init[1111]: Cloud-init v. 0.7.8 running 'modules:config' at Tue, 01 Nov 2016 16:22:24 +0000. Up 19.18 seconds.
         Starting Login to default iSCSI targets...
[[0;32m  OK  [0m] Started Login to default iSCSI targets.
[[0;32m  OK  [0m] Reached target Remote File Systems (Pre).
[[0;32m  OK  [0m] Reached target Remote File Systems.
         Starting LSB: daemon to balance interrupts for SMP systems...
         Starting Permit User Sessions...
         Starting LSB: automatic crash report generation...
         Starting LSB: VirtualBox Linux Additions...
         Starting LSB: Set the CPU Frequency Scaling governor to "ondemand"...
[[0;32m  OK  [0m] Started Permit User Sessions.
[[0;32m  OK  [0m] Started LSB: daemon to balance interrupts for SMP systems.
[[0;32m  OK  [0m] Started LSB: automatic crash report generation.
[[0;32m  OK  [0m] Started LSB: Set the CPU Frequency Scaling governor to "ondemand".
         Starting Hold until boot process finishes up...
         Starting Terminate Plymouth Boot Screen...
[[0;32m  OK  [0m] Started LSB: VirtualBox Linux Additions.
[[0;32m  OK  [0m] Started Hold until boot process finishes up.
[[0;32m  OK  [0m] Started Terminate Plymouth Boot Screen.
[[0;32m  OK  [0m] Started Getty on tty1.
         Starting Set console scheme...
[[0;32m  OK  [0m] Started Serial Getty on ttyS0.
[[0;32m  OK  [0m] Reached target Login Prompts.
[[0;32m  OK  [0m] Reached target Multi-User System.
         Starting Execute cloud user/final scripts...
         Starting Notify bootloader that boot was successful...
[[0;32m  OK  [0m] Reached target Graphical Interface.
         Starting Update UTMP about System Runlevel Changes...
[[0;32m  OK  [0m] Started Set console scheme.
[[0;32m  OK  [0m] Started Notify bootloader that boot was successful.
[   20.178849] cloud-init[1224]: Cloud-init v. 0.7.8 running 'modules:final' at Tue, 01 Nov 2016 16:22:24 +0000. Up 20.06 seconds.
[   20.244495] cloud-init[1224]: Cloud-init v. 0.7.8 finished at Tue, 01 Nov 2016 16:22:25 +0000. Datasource DataSourceNoCloud [seed=/dev/sdb][dsmode=net].  Up 20.17 seconds
[[0;32m  OK  [0m] Started Execute cloud user/final scripts.
[[0;32m  OK  [0m] Started Update UTMP about System Runlevel Changes.
[[0;32m  OK  [0m] Reached target Cloud-init target.

Ubuntu 16.04.1 LTS ubuntu-xenial ttyS0

ubuntu-xenial login:              Stopping Snappy daemon...
         Stopping Regular background program processing daemon...
[[0;32m  OK  [0m] Unmounted /var/lib/lxcfs.
[[0;32m  OK  [0m] Stopped Snappy daemon.
[[0;32m  OK  [0m] Stopped Deferred execution scheduler.
[[0;32m  OK  [0m] Stopped Regular background program processing daemon.
[[0;32m  OK  [0m] Stopped ACPI event daemon.
[[0;32m  OK  [0m] Stopped System Logging Service.
[[0;32m  OK  [0m] Stopped Accounts Service.
[[0;32m  OK  [0m] Stopped Authenticate and Authorize Users to Run Privileged Tasks.
[[0;32m  OK  [0m] Stopped OpenBSD Secure Shell server.
[[0;32m  OK  [0m] Stopped Getty on tty1.
[[0;32m  OK  [0m] Stopped Serial Getty on ttyS0.
[[0;32m  OK  [0m] Stopped User Manager for UID 1000.
[[0;32m  OK  [0m] Started Unattended Upgrades Shutdown.
[[0;32m  OK  [0m] Stopped D-Bus System Message Bus.
[[0;32m  OK  [0m] Stopped Session 5 of user ubuntu.
[[0;32m  OK  [0m] Stopped FUSE filesystem for LXC.
[[0;32m  OK  [0m] Stopped LXD - container startup/shutdown.
[[0;32m  OK  [0m] Stopped LSB: Set the CPU Frequency Scaling governor to "ondemand".
[[0;32m  OK  [0m] Stopped LSB: automatic crash report generation.
[[0;32m  OK  [0m] Stopped LSB: MD monitoring daemon.
[[0;32m  OK  [0m] Stopped LSB: VirtualBox Linux Additions.
[[0;32m  OK  [0m] Stopped LSB: daemon to balance interrupts for SMP systems.
[[0;32m  OK  [0m] Stopped LSB: Record successful boot for GRUB.
[[0;32m  OK  [0m] Removed slice User Slice of ubuntu.
         Stopping Login Service...
[[0;32m  OK  [0m] Removed slice system-serial\x2dgetty.slice.
[[0;32m  OK  [0m] Stopped /etc/rc.local Compatibility.
[[0;32m  OK  [0m] Removed slice system-getty.slice.
         Stopping Permit User Sessions...
[[0;32m  OK  [0m] Stopped Login Service.
[[0;32m  OK  [0m] Stopped Permit User Sessions.
[[0;32m  OK  [0m] Stopped target Remote File Systems.
[[0;32m  OK  [0m] Stopped target Remote File Systems (Pre).
         Stopping Login to default iSCSI targets...
[[0;32m  OK  [0m] Stopped target User and Group Name Lookups.
[[0;32m  OK  [0m] Stopped Login to default iSCSI targets.
         Stopping iSCSI initiator daemon (iscsid)...
[[0;32m  OK  [0m] Stopped iSCSI initiator daemon (iscsid).
[[0;32m  OK  [0m] Stopped target Network is Online.
[[0;32m  OK  [0m] Stopped Initial cloud-init job (metadata service crawler).
[[0;32m  OK  [0m] Stopped target Basic System.
[[0;32m  OK  [0m] Stopped target Sockets.
[[0;32m  OK  [0m] Closed UUID daemon activation socket.
[[0;32m  OK  [0m] Closed Syslog Socket.
[[0;32m  OK  [0m] Closed D-Bus System Message Bus Socket.
[[0;32m  OK  [0m] Closed ACPID Listen Socket.
[[0;32m  OK  [0m] Closed Socket activation for snappy daemon.
[[0;32m  OK  [0m] Closed LXD - unix socket.
[[0;32m  OK  [0m] Stopped target Slices.
[[0;32m  OK  [0m] Removed slice User and Session Slice.
[[0;32m  OK  [0m] Stopped target Paths.
[[0;32m  OK  [0m] Stopped Dispatch Password Requests to Console Directory Watch.
[[0;32m  OK  [0m] Stopped ACPI Events Check.
[[0;32m  OK  [0m] Stopped Trigger resolvconf update for networkd DNS.
[[0;32m  OK  [0m] Stopped Forward Password Requests to Wall Directory Watch.
[[0;32m  OK  [0m] Stopped target System Initialization.
[[0;32m  OK  [0m] Stopped Create Volatile Files and Directories.
         Stopping Load/Save Random Seed...
[[0;32m  OK  [0m] Stopped target Encrypted Volumes.
[[0;32m  OK  [0m] Stopped target Swap.
[[0;32m  OK  [0m] Stopped target Network.
         Stopping Raise network interfaces...
[[0;32m  OK  [0m] Stopped Load/Save Random Seed.
[[0;32m  OK  [0m] Stopped Raise network interfaces.
[[0;32m  OK  [0m] Stopped target Network (Pre).
[[0;32m  OK  [0m] Stopped Initial cloud-init job (pre-networking).
[[0;32m  OK  [0m] Stopped target Local File Systems.
         Unmounting /vagrant...
         Unmounting /run/user/1000...
         Unmounting /tmp/vagrant-chef/d53854...18f55392914cd587de9/cookbooks...
[[0;32m  OK  [0m] Stopped Apply Kernel Variables.
[[0;32m  OK  [0m] Stopped Load Kernel Modules.
[[0;32m  OK  [0m] Unmounted /vagrant.
[[0;32m  OK  [0m] Unmounted /run/user/1000.
[[0;32m  OK  [0m] Unmounted /tmp/vagrant-chef/d538546...8718f55392914cd587de9/cookbooks.
[[0;32m  OK  [0m] Reached target Unmount All Filesystems.
[[0;32m  OK  [0m] Stopped target Local File Systems (Pre).
[[0;32m  OK  [0m] Stopped Create Static Device Nodes in /dev.
         Stopping Monitoring of LVM2 mirrors... dmeventd or progress polling...
[[0;32m  OK  [0m] Stopped Remount Root and Kernel File Systems.
[[0;32m  OK  [0m] Reached target Shutdown.
[  693.023123] reboot: Power down
